[0.908s] Invoking command in '/home/ilknur/turtlesim_ws/src/turtlesim_py_pkg': PYTHONPATH=/home/ilknur/turtlesim_ws/build/turtlesim_py_pkg/prefix_override:/usr/lib/python3/dist-packages/colcon_core/task/python/colcon_distutils_commands:/home/ilknur/turtlesim_ws/install/turtlesim_py_pkg/lib/python3.10/site-packages:${PYTHONPATH} /usr/bin/python3 -W ignore:setup.py install is deprecated setup.py egg_info --egg-base ../../build/turtlesim_py_pkg build --build-base /home/ilknur/turtlesim_ws/build/turtlesim_py_pkg/build install --record /home/ilknur/turtlesim_ws/build/turtlesim_py_pkg/install.log --single-version-externally-managed install_data
[1.201s] running egg_info
[1.202s] creating ../../build/turtlesim_py_pkg/turtlesim_py_pkg.egg-info
[1.202s] writing ../../build/turtlesim_py_pkg/turtlesim_py_pkg.egg-info/PKG-INFO
[1.202s] writing dependency_links to ../../build/turtlesim_py_pkg/turtlesim_py_pkg.egg-info/dependency_links.txt
[1.203s] writing entry points to ../../build/turtlesim_py_pkg/turtlesim_py_pkg.egg-info/entry_points.txt
[1.203s] writing requirements to ../../build/turtlesim_py_pkg/turtlesim_py_pkg.egg-info/requires.txt
[1.203s] writing top-level names to ../../build/turtlesim_py_pkg/turtlesim_py_pkg.egg-info/top_level.txt
[1.203s] writing manifest file '../../build/turtlesim_py_pkg/turtlesim_py_pkg.egg-info/SOURCES.txt'
[1.204s] reading manifest file '../../build/turtlesim_py_pkg/turtlesim_py_pkg.egg-info/SOURCES.txt'
[1.205s] writing manifest file '../../build/turtlesim_py_pkg/turtlesim_py_pkg.egg-info/SOURCES.txt'
[1.205s] running build
[1.206s] running build_py
[1.206s] creating /home/ilknur/turtlesim_ws/build/turtlesim_py_pkg/build
[1.206s] creating /home/ilknur/turtlesim_ws/build/turtlesim_py_pkg/build/lib
[1.206s] creating /home/ilknur/turtlesim_ws/build/turtlesim_py_pkg/build/lib/turtlesim_py_pkg
[1.206s] copying turtlesim_py_pkg/__init__.py -> /home/ilknur/turtlesim_ws/build/turtlesim_py_pkg/build/lib/turtlesim_py_pkg
[1.206s] copying turtlesim_py_pkg/vel_controller.py -> /home/ilknur/turtlesim_ws/build/turtlesim_py_pkg/build/lib/turtlesim_py_pkg
[1.206s] running install
[1.206s] running install_lib
[1.207s] creating /home/ilknur/turtlesim_ws/install/turtlesim_py_pkg/lib/python3.10/site-packages/turtlesim_py_pkg
[1.207s] copying /home/ilknur/turtlesim_ws/build/turtlesim_py_pkg/build/lib/turtlesim_py_pkg/__init__.py -> /home/ilknur/turtlesim_ws/install/turtlesim_py_pkg/lib/python3.10/site-packages/turtlesim_py_pkg
[1.208s] copying /home/ilknur/turtlesim_ws/build/turtlesim_py_pkg/build/lib/turtlesim_py_pkg/vel_controller.py -> /home/ilknur/turtlesim_ws/install/turtlesim_py_pkg/lib/python3.10/site-packages/turtlesim_py_pkg
[1.208s] byte-compiling /home/ilknur/turtlesim_ws/install/turtlesim_py_pkg/lib/python3.10/site-packages/turtlesim_py_pkg/__init__.py to __init__.cpython-310.pyc
[1.209s] byte-compiling /home/ilknur/turtlesim_ws/install/turtlesim_py_pkg/lib/python3.10/site-packages/turtlesim_py_pkg/vel_controller.py to vel_controller.cpython-310.pyc
[1.209s] running install_data
[1.209s] creating /home/ilknur/turtlesim_ws/install/turtlesim_py_pkg/share/ament_index
[1.209s] creating /home/ilknur/turtlesim_ws/install/turtlesim_py_pkg/share/ament_index/resource_index
[1.209s] creating /home/ilknur/turtlesim_ws/install/turtlesim_py_pkg/share/ament_index/resource_index/packages
[1.209s] copying resource/turtlesim_py_pkg -> /home/ilknur/turtlesim_ws/install/turtlesim_py_pkg/share/ament_index/resource_index/packages
[1.209s] copying package.xml -> /home/ilknur/turtlesim_ws/install/turtlesim_py_pkg/share/turtlesim_py_pkg
[1.210s] running install_egg_info
[1.211s] Copying ../../build/turtlesim_py_pkg/turtlesim_py_pkg.egg-info to /home/ilknur/turtlesim_ws/install/turtlesim_py_pkg/lib/python3.10/site-packages/turtlesim_py_pkg-0.0.0-py3.10.egg-info
[1.212s] running install_scripts
[1.236s] writing list of installed files to '/home/ilknur/turtlesim_ws/build/turtlesim_py_pkg/install.log'
[1.266s] Invoked command in '/home/ilknur/turtlesim_ws/src/turtlesim_py_pkg' returned '0': PYTHONPATH=/home/ilknur/turtlesim_ws/build/turtlesim_py_pkg/prefix_override:/usr/lib/python3/dist-packages/colcon_core/task/python/colcon_distutils_commands:/home/ilknur/turtlesim_ws/install/turtlesim_py_pkg/lib/python3.10/site-packages:${PYTHONPATH} /usr/bin/python3 -W ignore:setup.py install is deprecated setup.py egg_info --egg-base ../../build/turtlesim_py_pkg build --build-base /home/ilknur/turtlesim_ws/build/turtlesim_py_pkg/build install --record /home/ilknur/turtlesim_ws/build/turtlesim_py_pkg/install.log --single-version-externally-managed install_data
