[0.547s] Invoking command in '/home/ilknur/turtlesim_ws/src/turtlesim_py_pkg': PYTHONPATH=/home/ilknur/turtlesim_ws/build/turtlesim_py_pkg/prefix_override:/usr/lib/python3/dist-packages/colcon_core/task/python/colcon_distutils_commands:/home/ilknur/turtlesim_ws/install/turtlesim_py_pkg/lib/python3.10/site-packages:${PYTHONPATH} /usr/bin/python3 -W ignore:setup.py install is deprecated setup.py egg_info --egg-base ../../build/turtlesim_py_pkg build --build-base /home/ilknur/turtlesim_ws/build/turtlesim_py_pkg/build install --record /home/ilknur/turtlesim_ws/build/turtlesim_py_pkg/install.log --single-version-externally-managed install_data
[0.736s] running egg_info
[0.736s] writing ../../build/turtlesim_py_pkg/turtlesim_py_pkg.egg-info/PKG-INFO
[0.737s] writing dependency_links to ../../build/turtlesim_py_pkg/turtlesim_py_pkg.egg-info/dependency_links.txt
[0.737s] writing entry points to ../../build/turtlesim_py_pkg/turtlesim_py_pkg.egg-info/entry_points.txt
[0.737s] writing requirements to ../../build/turtlesim_py_pkg/turtlesim_py_pkg.egg-info/requires.txt
[0.737s] writing top-level names to ../../build/turtlesim_py_pkg/turtlesim_py_pkg.egg-info/top_level.txt
[0.738s] reading manifest file '../../build/turtlesim_py_pkg/turtlesim_py_pkg.egg-info/SOURCES.txt'
[0.739s] writing manifest file '../../build/turtlesim_py_pkg/turtlesim_py_pkg.egg-info/SOURCES.txt'
[0.739s] running build
[0.739s] running build_py
[0.739s] copying turtlesim_py_pkg/go_to_loc.py -> /home/ilknur/turtlesim_ws/build/turtlesim_py_pkg/build/lib/turtlesim_py_pkg
[0.739s] running install
[0.740s] running install_lib
[0.740s] copying /home/ilknur/turtlesim_ws/build/turtlesim_py_pkg/build/lib/turtlesim_py_pkg/go_to_loc.py -> /home/ilknur/turtlesim_ws/install/turtlesim_py_pkg/lib/python3.10/site-packages/turtlesim_py_pkg
[0.741s] byte-compiling /home/ilknur/turtlesim_ws/install/turtlesim_py_pkg/lib/python3.10/site-packages/turtlesim_py_pkg/go_to_loc.py to go_to_loc.cpython-310.pyc
[0.741s] running install_data
[0.741s] running install_egg_info
[0.742s] removing '/home/ilknur/turtlesim_ws/install/turtlesim_py_pkg/lib/python3.10/site-packages/turtlesim_py_pkg-0.0.0-py3.10.egg-info' (and everything under it)
[0.743s] Copying ../../build/turtlesim_py_pkg/turtlesim_py_pkg.egg-info to /home/ilknur/turtlesim_ws/install/turtlesim_py_pkg/lib/python3.10/site-packages/turtlesim_py_pkg-0.0.0-py3.10.egg-info
[0.743s] running install_scripts
[0.758s] Installing go_to_loc script to /home/ilknur/turtlesim_ws/install/turtlesim_py_pkg/lib/turtlesim_py_pkg
[0.758s] Installing vel_controller script to /home/ilknur/turtlesim_ws/install/turtlesim_py_pkg/lib/turtlesim_py_pkg
[0.758s] writing list of installed files to '/home/ilknur/turtlesim_ws/build/turtlesim_py_pkg/install.log'
[0.776s] Invoked command in '/home/ilknur/turtlesim_ws/src/turtlesim_py_pkg' returned '0': PYTHONPATH=/home/ilknur/turtlesim_ws/build/turtlesim_py_pkg/prefix_override:/usr/lib/python3/dist-packages/colcon_core/task/python/colcon_distutils_commands:/home/ilknur/turtlesim_ws/install/turtlesim_py_pkg/lib/python3.10/site-packages:${PYTHONPATH} /usr/bin/python3 -W ignore:setup.py install is deprecated setup.py egg_info --egg-base ../../build/turtlesim_py_pkg build --build-base /home/ilknur/turtlesim_ws/build/turtlesim_py_pkg/build install --record /home/ilknur/turtlesim_ws/build/turtlesim_py_pkg/install.log --single-version-externally-managed install_data
