[0.897s] Invoking command in '/home/ilknur/turtlesim_ws/src/turtlesim_py_pkg': PYTHONPATH=/home/ilknur/turtlesim_ws/build/turtlesim_py_pkg/prefix_override:/usr/lib/python3/dist-packages/colcon_core/task/python/colcon_distutils_commands:/home/ilknur/turtlesim_ws/install/turtlesim_py_pkg/lib/python3.10/site-packages:${PYTHONPATH} /usr/bin/python3 -W ignore:setup.py install is deprecated setup.py egg_info --egg-base ../../build/turtlesim_py_pkg build --build-base /home/ilknur/turtlesim_ws/build/turtlesim_py_pkg/build install --record /home/ilknur/turtlesim_ws/build/turtlesim_py_pkg/install.log --single-version-externally-managed install_data
[1.196s] running egg_info
[1.196s] writing ../../build/turtlesim_py_pkg/turtlesim_py_pkg.egg-info/PKG-INFO
[1.196s] writing dependency_links to ../../build/turtlesim_py_pkg/turtlesim_py_pkg.egg-info/dependency_links.txt
[1.197s] writing entry points to ../../build/turtlesim_py_pkg/turtlesim_py_pkg.egg-info/entry_points.txt
[1.197s] writing requirements to ../../build/turtlesim_py_pkg/turtlesim_py_pkg.egg-info/requires.txt
[1.197s] writing top-level names to ../../build/turtlesim_py_pkg/turtlesim_py_pkg.egg-info/top_level.txt
[1.199s] reading manifest file '../../build/turtlesim_py_pkg/turtlesim_py_pkg.egg-info/SOURCES.txt'
[1.200s] writing manifest file '../../build/turtlesim_py_pkg/turtlesim_py_pkg.egg-info/SOURCES.txt'
[1.200s] running build
[1.200s] running build_py
[1.200s] running install
[1.201s] running install_lib
[1.202s] running install_data
[1.202s] running install_egg_info
[1.204s] removing '/home/ilknur/turtlesim_ws/install/turtlesim_py_pkg/lib/python3.10/site-packages/turtlesim_py_pkg-0.0.0-py3.10.egg-info' (and everything under it)
[1.205s] Copying ../../build/turtlesim_py_pkg/turtlesim_py_pkg.egg-info to /home/ilknur/turtlesim_ws/install/turtlesim_py_pkg/lib/python3.10/site-packages/turtlesim_py_pkg-0.0.0-py3.10.egg-info
[1.206s] running install_scripts
[1.230s] Installing go_to_loc script to /home/ilknur/turtlesim_ws/install/turtlesim_py_pkg/lib/turtlesim_py_pkg
[1.230s] Installing vel_controller script to /home/ilknur/turtlesim_ws/install/turtlesim_py_pkg/lib/turtlesim_py_pkg
[1.230s] writing list of installed files to '/home/ilknur/turtlesim_ws/build/turtlesim_py_pkg/install.log'
[1.268s] Invoked command in '/home/ilknur/turtlesim_ws/src/turtlesim_py_pkg' returned '0': PYTHONPATH=/home/ilknur/turtlesim_ws/build/turtlesim_py_pkg/prefix_override:/usr/lib/python3/dist-packages/colcon_core/task/python/colcon_distutils_commands:/home/ilknur/turtlesim_ws/install/turtlesim_py_pkg/lib/python3.10/site-packages:${PYTHONPATH} /usr/bin/python3 -W ignore:setup.py install is deprecated setup.py egg_info --egg-base ../../build/turtlesim_py_pkg build --build-base /home/ilknur/turtlesim_ws/build/turtlesim_py_pkg/build install --record /home/ilknur/turtlesim_ws/build/turtlesim_py_pkg/install.log --single-version-externally-managed install_data
