[0.868s] Invoking command in '/home/ilknur/turtlesim_ws/src/turtlesim_py_pkg': PYTHONPATH=/home/ilknur/turtlesim_ws/build/turtlesim_py_pkg/prefix_override:/usr/lib/python3/dist-packages/colcon_core/task/python/colcon_distutils_commands:/home/ilknur/turtlesim_ws/install/turtlesim_py_pkg/lib/python3.10/site-packages:${PYTHONPATH} /usr/bin/python3 -W ignore:setup.py install is deprecated setup.py egg_info --egg-base ../../build/turtlesim_py_pkg build --build-base /home/ilknur/turtlesim_ws/build/turtlesim_py_pkg/build install --record /home/ilknur/turtlesim_ws/build/turtlesim_py_pkg/install.log --single-version-externally-managed install_data
[1.164s] running egg_info
[1.164s] writing ../../build/turtlesim_py_pkg/turtlesim_py_pkg.egg-info/PKG-INFO
[1.165s] writing dependency_links to ../../build/turtlesim_py_pkg/turtlesim_py_pkg.egg-info/dependency_links.txt
[1.165s] writing entry points to ../../build/turtlesim_py_pkg/turtlesim_py_pkg.egg-info/entry_points.txt
[1.165s] writing requirements to ../../build/turtlesim_py_pkg/turtlesim_py_pkg.egg-info/requires.txt
[1.165s] writing top-level names to ../../build/turtlesim_py_pkg/turtlesim_py_pkg.egg-info/top_level.txt
[1.167s] reading manifest file '../../build/turtlesim_py_pkg/turtlesim_py_pkg.egg-info/SOURCES.txt'
[1.168s] writing manifest file '../../build/turtlesim_py_pkg/turtlesim_py_pkg.egg-info/SOURCES.txt'
[1.168s] running build
[1.168s] running build_py
[1.168s] copying turtlesim_py_pkg/go_to_loc.py -> /home/ilknur/turtlesim_ws/build/turtlesim_py_pkg/build/lib/turtlesim_py_pkg
[1.169s] running install
[1.169s] running install_lib
[1.170s] copying /home/ilknur/turtlesim_ws/build/turtlesim_py_pkg/build/lib/turtlesim_py_pkg/go_to_loc.py -> /home/ilknur/turtlesim_ws/install/turtlesim_py_pkg/lib/python3.10/site-packages/turtlesim_py_pkg
[1.171s] byte-compiling /home/ilknur/turtlesim_ws/install/turtlesim_py_pkg/lib/python3.10/site-packages/turtlesim_py_pkg/go_to_loc.py to go_to_loc.cpython-310.pyc
[1.172s] running install_data
[1.172s] running install_egg_info
[1.174s] removing '/home/ilknur/turtlesim_ws/install/turtlesim_py_pkg/lib/python3.10/site-packages/turtlesim_py_pkg-0.0.0-py3.10.egg-info' (and everything under it)
[1.174s] Copying ../../build/turtlesim_py_pkg/turtlesim_py_pkg.egg-info to /home/ilknur/turtlesim_ws/install/turtlesim_py_pkg/lib/python3.10/site-packages/turtlesim_py_pkg-0.0.0-py3.10.egg-info
[1.175s] running install_scripts
[1.199s] Installing go_to_loc script to /home/ilknur/turtlesim_ws/install/turtlesim_py_pkg/lib/turtlesim_py_pkg
[1.199s] Installing vel_controller script to /home/ilknur/turtlesim_ws/install/turtlesim_py_pkg/lib/turtlesim_py_pkg
[1.199s] writing list of installed files to '/home/ilknur/turtlesim_ws/build/turtlesim_py_pkg/install.log'
[1.238s] Invoked command in '/home/ilknur/turtlesim_ws/src/turtlesim_py_pkg' returned '0': PYTHONPATH=/home/ilknur/turtlesim_ws/build/turtlesim_py_pkg/prefix_override:/usr/lib/python3/dist-packages/colcon_core/task/python/colcon_distutils_commands:/home/ilknur/turtlesim_ws/install/turtlesim_py_pkg/lib/python3.10/site-packages:${PYTHONPATH} /usr/bin/python3 -W ignore:setup.py install is deprecated setup.py egg_info --egg-base ../../build/turtlesim_py_pkg build --build-base /home/ilknur/turtlesim_ws/build/turtlesim_py_pkg/build install --record /home/ilknur/turtlesim_ws/build/turtlesim_py_pkg/install.log --single-version-externally-managed install_data
