[0.883s] Invoking command in '/home/ilknur/turtlesim_ws/build/turtlesim_py_pkg': PYTHONPATH=/home/ilknur/turtlesim_ws/build/turtlesim_py_pkg/prefix_override:/usr/lib/python3/dist-packages/colcon_core/task/python/colcon_distutils_commands:/home/ilknur/turtlesim_ws/install/turtlesim_py_pkg/lib/python3.10/site-packages:${PYTHONPATH} /usr/bin/python3 -W ignore:setup.py install is deprecated setup.py develop --uninstall --editable --build-directory /home/ilknur/turtlesim_ws/build/turtlesim_py_pkg/build
[1.204s] running develop
[1.204s] /usr/lib/python3/dist-packages/setuptools/command/easy_install.py:158: EasyInstallDeprecationWarning: easy_install command is deprecated. Use build and pip and other standards-based tools.
[1.204s]   warnings.warn(
[1.449s] Removing /home/ilknur/turtlesim_ws/install/turtlesim_py_pkg/lib/python3.10/site-packages/turtlesim-py-pkg.egg-link (link to .)
[1.484s] Invoked command in '/home/ilknur/turtlesim_ws/build/turtlesim_py_pkg' returned '0': PYTHONPATH=/home/ilknur/turtlesim_ws/build/turtlesim_py_pkg/prefix_override:/usr/lib/python3/dist-packages/colcon_core/task/python/colcon_distutils_commands:/home/ilknur/turtlesim_ws/install/turtlesim_py_pkg/lib/python3.10/site-packages:${PYTHONPATH} /usr/bin/python3 -W ignore:setup.py install is deprecated setup.py develop --uninstall --editable --build-directory /home/ilknur/turtlesim_ws/build/turtlesim_py_pkg/build
[1.487s] Invoking command in '/home/ilknur/turtlesim_ws/src/turtlesim_py_pkg': PYTHONPATH=/home/ilknur/turtlesim_ws/build/turtlesim_py_pkg/prefix_override:/usr/lib/python3/dist-packages/colcon_core/task/python/colcon_distutils_commands:/home/ilknur/turtlesim_ws/install/turtlesim_py_pkg/lib/python3.10/site-packages:${PYTHONPATH} /usr/bin/python3 -W ignore:setup.py install is deprecated setup.py egg_info --egg-base ../../build/turtlesim_py_pkg build --build-base /home/ilknur/turtlesim_ws/build/turtlesim_py_pkg/build install --record /home/ilknur/turtlesim_ws/build/turtlesim_py_pkg/install.log --single-version-externally-managed install_data --force
[1.783s] running egg_info
[1.784s] writing ../../build/turtlesim_py_pkg/turtlesim_py_pkg.egg-info/PKG-INFO
[1.784s] writing dependency_links to ../../build/turtlesim_py_pkg/turtlesim_py_pkg.egg-info/dependency_links.txt
[1.784s] writing entry points to ../../build/turtlesim_py_pkg/turtlesim_py_pkg.egg-info/entry_points.txt
[1.785s] writing requirements to ../../build/turtlesim_py_pkg/turtlesim_py_pkg.egg-info/requires.txt
[1.785s] writing top-level names to ../../build/turtlesim_py_pkg/turtlesim_py_pkg.egg-info/top_level.txt
[1.786s] reading manifest file '../../build/turtlesim_py_pkg/turtlesim_py_pkg.egg-info/SOURCES.txt'
[1.787s] writing manifest file '../../build/turtlesim_py_pkg/turtlesim_py_pkg.egg-info/SOURCES.txt'
[1.787s] running build
[1.788s] running build_py
[1.788s] running install
[1.788s] running install_lib
[1.789s] creating /home/ilknur/turtlesim_ws/install/turtlesim_py_pkg/lib/python3.10/site-packages/turtlesim_py_pkg
[1.789s] copying /home/ilknur/turtlesim_ws/build/turtlesim_py_pkg/build/lib/turtlesim_py_pkg/__init__.py -> /home/ilknur/turtlesim_ws/install/turtlesim_py_pkg/lib/python3.10/site-packages/turtlesim_py_pkg
[1.789s] copying /home/ilknur/turtlesim_ws/build/turtlesim_py_pkg/build/lib/turtlesim_py_pkg/vel_controller.py -> /home/ilknur/turtlesim_ws/install/turtlesim_py_pkg/lib/python3.10/site-packages/turtlesim_py_pkg
[1.790s] byte-compiling /home/ilknur/turtlesim_ws/install/turtlesim_py_pkg/lib/python3.10/site-packages/turtlesim_py_pkg/__init__.py to __init__.cpython-310.pyc
[1.790s] byte-compiling /home/ilknur/turtlesim_ws/install/turtlesim_py_pkg/lib/python3.10/site-packages/turtlesim_py_pkg/vel_controller.py to vel_controller.cpython-310.pyc
[1.791s] running install_data
[1.791s] copying resource/turtlesim_py_pkg -> /home/ilknur/turtlesim_ws/install/turtlesim_py_pkg/share/ament_index/resource_index/packages
[1.791s] copying package.xml -> /home/ilknur/turtlesim_ws/install/turtlesim_py_pkg/share/turtlesim_py_pkg
[1.791s] running install_egg_info
[1.793s] Copying ../../build/turtlesim_py_pkg/turtlesim_py_pkg.egg-info to /home/ilknur/turtlesim_ws/install/turtlesim_py_pkg/lib/python3.10/site-packages/turtlesim_py_pkg-0.0.0-py3.10.egg-info
[1.794s] running install_scripts
[1.816s] writing list of installed files to '/home/ilknur/turtlesim_ws/build/turtlesim_py_pkg/install.log'
[1.850s] Invoked command in '/home/ilknur/turtlesim_ws/src/turtlesim_py_pkg' returned '0': PYTHONPATH=/home/ilknur/turtlesim_ws/build/turtlesim_py_pkg/prefix_override:/usr/lib/python3/dist-packages/colcon_core/task/python/colcon_distutils_commands:/home/ilknur/turtlesim_ws/install/turtlesim_py_pkg/lib/python3.10/site-packages:${PYTHONPATH} /usr/bin/python3 -W ignore:setup.py install is deprecated setup.py egg_info --egg-base ../../build/turtlesim_py_pkg build --build-base /home/ilknur/turtlesim_ws/build/turtlesim_py_pkg/build install --record /home/ilknur/turtlesim_ws/build/turtlesim_py_pkg/install.log --single-version-externally-managed install_data --force
